


 记录时间：2016-05-09 20:25:03,612 
日志级别：  ERROR 
出错类：BAnalytics.Collect.CollectorHandler  
错误描述：无法将类型为“System.Web.HttpCookie”的对象强制转换为类型“System.IConvertible”。
mscorlib
Int32 ToInt32(System.Object) 




 记录时间：2016-05-09 20:25:03,801 
日志级别：  ERROR 
出错类：BAnalytics.Collect.CollectorHandler  
错误描述：无法将类型为“System.Web.HttpCookie”的对象强制转换为类型“System.IConvertible”。
mscorlib
Int32 ToInt32(System.Object) 




 记录时间：2016-05-09 20:25:05,692 
日志级别：  ERROR 
出错类：BAnalytics.Collect.CollectorHandler  
错误描述：无法将类型为“System.Web.HttpCookie”的对象强制转换为类型“System.IConvertible”。
mscorlib
Int32 ToInt32(System.Object) 




 记录时间：2016-05-09 20:25:05,891 
日志级别：  ERROR 
出错类：BAnalytics.Collect.CollectorHandler  
错误描述：无法将类型为“System.Web.HttpCookie”的对象强制转换为类型“System.IConvertible”。
mscorlib
Int32 ToInt32(System.Object) 




 记录时间：2016-05-09 20:53:42,996 
日志级别：  ERROR 
出错类：BAnalytics.Collect.CollectorHandler  
错误描述：2016-05-09 20:53:42 




 记录时间：2016-05-09 20:55:22,017 
日志级别：  ERROR 
出错类：BAnalytics.Collect.CollectorHandler  
错误描述：2016-05-09 20:55:22 




 记录时间：2016-05-09 23:55:44,621 
日志级别：  ERROR 
出错类：BAnalytics.Collect.CollectorHandler  
错误描述：2016-05-09 23:55:44 




 记录时间：2016-05-09 23:56:01,970 
日志级别：  ERROR 
出错类：BAnalytics.Collect.CollectorHandler  
错误描述：2016-05-09 23:56:01 




 记录时间：2016-05-09 22:56:42,853 
日志级别：  ERROR 
出错类：BAnalytics.Collect.CollectorHandler  
错误描述：2016-05-09 22:56:42 




 记录时间：2016-05-09 23:01:57,392 
日志级别：  ERROR 
出错类：BAnalytics.Collect.CollectorHandler  
错误描述：2016-05-09 23:01:57 




 记录时间：2016-05-09 23:01:57,602 
日志级别：  ERROR 
出错类：BAnalytics.Collect.CollectorHandler  
错误描述：2016-05-09 23:01:57 




 记录时间：2016-05-09 23:01:58,843 
日志级别：  ERROR 
出错类：BAnalytics.Collect.CollectorHandler  
错误描述：2016-05-09 23:01:58 




 记录时间：2016-05-09 23:02:17,104 
日志级别：  ERROR 
出错类：BAnalytics.Collect.CollectorHandler  
错误描述：2016-05-09 23:02:17 




 记录时间：2016-05-09 23:02:17,336 
日志级别：  ERROR 
出错类：BAnalytics.Collect.CollectorHandler  
错误描述：2016-05-09 23:02:17 




 记录时间：2016-05-09 23:02:18,406 
日志级别：  ERROR 
出错类：BAnalytics.Collect.CollectorHandler  
错误描述：2016-05-09 23:02:18 




 记录时间：2016-05-09 23:03:38,616 
日志级别：  ERROR 
出错类：BAnalytics.Collect.CollectorHandler  
错误描述：2016-05-09 23:03:38 




 记录时间：2016-05-09 23:03:38,788 
日志级别：  ERROR 
出错类：BAnalytics.Collect.CollectorHandler  
错误描述：2016-05-09 23:03:38 




 记录时间：2016-05-09 23:03:39,778 
日志级别：  ERROR 
出错类：BAnalytics.Collect.CollectorHandler  
错误描述：2016-05-09 23:03:39 




 记录时间：2016-05-09 23:09:24,542 
日志级别：  ERROR 
出错类：BAnalytics.Collect.CollectorHandler  
错误描述：2016-05-09 23:09:24 




 记录时间：2016-05-09 23:09:25,103 
日志级别：  ERROR 
出错类：BAnalytics.Collect.CollectorHandler  
错误描述：2016-05-09 23:09:25 




 记录时间：2016-05-09 23:09:37,572 
日志级别：  ERROR 
出错类：BAnalytics.Collect.CollectorHandler  
错误描述：2016-05-09 23:09:37 




 记录时间：2016-05-09 23:09:37,744 
日志级别：  ERROR 
出错类：BAnalytics.Collect.CollectorHandler  
错误描述：2016-05-09 23:09:37 

