log4net:ERROR Could not create Appender [PageViewFlumeAppender] of type [DotNetFlumeNG.Client.log4net.FlumeAppender, DotNetFlumeNG.Client.log4net]. Reported error follows.
System.IO.FileLoadException: 未能加载文件或程序集“log4net, Version=1.2.15.0, Culture=neutral, PublicKeyToken=669e0ddf0bb1aa2a”或它的某一个依赖项。找到的程序集清单定义与程序集引用不匹配。 (异常来自 HRESULT:0x80131040)
文件名:“log4net, Version=1.2.15.0, Culture=neutral, PublicKeyToken=669e0ddf0bb1aa2a”
   在 System.RuntimeTypeHandle.GetTypeByName(String name, Boolean throwOnError, Boolean ignoreCase, Boolean reflectionOnly, StackCrawlMarkHandle stackMark, IntPtr pPrivHostBinder, Boolean loadTypeFromPartialName, ObjectHandleOnStack type)
   在 System.RuntimeTypeHandle.GetTypeByName(String name, Boolean throwOnError, Boolean ignoreCase, Boolean reflectionOnly, StackCrawlMark& stackMark, IntPtr pPrivHostBinder, Boolean loadTypeFromPartialName)
   在 System.RuntimeType.GetType(String typeName, Boolean throwOnError, Boolean ignoreCase, Boolean reflectionOnly, StackCrawlMark& stackMark)
   在 System.Type.GetType(String typeName, Boolean throwOnError, Boolean ignoreCase)
   在 log4net.Util.SystemInfo.GetTypeFromString(Assembly relativeAssembly, String typeName, Boolean throwOnError, Boolean ignoreCase) 位置 f:\迅雷下载\log4net-1.2.15-src\log4net-1.2.15\src\Util\SystemInfo.cs:行号 738
   在 log4net.Util.SystemInfo.GetTypeFromString(String typeName, Boolean throwOnError, Boolean ignoreCase) 位置 f:\迅雷下载\log4net-1.2.15-src\log4net-1.2.15\src\Util\SystemInfo.cs:行号 642
   在 log4net.Repository.Hierarchy.XmlHierarchyConfigurator.ParseAppender(XmlElement appenderElement) 位置 f:\迅雷下载\log4net-1.2.15-src\log4net-1.2.15\src\Repository\Hierarchy\XmlHierarchyConfigurator.cs:行号 303

警告: 程序集绑定日志记录被关闭。
要启用程序集绑定失败日志记录，请将注册表值 [HKLM\Software\Microsoft\Fusion!EnableLog] (DWORD)设置为 1。
注意: 会有一些与程序集绑定失败日志记录关联的性能损失。
要关闭此功能，请移除注册表值 [HKLM\Software\Microsoft\Fusion!EnableLog]。

log4net:ERROR Appender named [PageViewFlumeAppender] not found.
log4net:ERROR Could not create Appender [EventFlumeAppender] of type [DotNetFlumeNG.Client.log4net.FlumeAppender, DotNetFlumeNG.Client.log4net]. Reported error follows.
System.IO.FileLoadException: 未能加载文件或程序集“log4net, Version=1.2.15.0, Culture=neutral, PublicKeyToken=669e0ddf0bb1aa2a”或它的某一个依赖项。找到的程序集清单定义与程序集引用不匹配。 (异常来自 HRESULT:0x80131040)
文件名:“log4net, Version=1.2.15.0, Culture=neutral, PublicKeyToken=669e0ddf0bb1aa2a”
   在 System.RuntimeTypeHandle.GetTypeByName(String name, Boolean throwOnError, Boolean ignoreCase, Boolean reflectionOnly, StackCrawlMarkHandle stackMark, IntPtr pPrivHostBinder, Boolean loadTypeFromPartialName, ObjectHandleOnStack type)
   在 System.RuntimeTypeHandle.GetTypeByName(String name, Boolean throwOnError, Boolean ignoreCase, Boolean reflectionOnly, StackCrawlMark& stackMark, IntPtr pPrivHostBinder, Boolean loadTypeFromPartialName)
   在 System.RuntimeType.GetType(String typeName, Boolean throwOnError, Boolean ignoreCase, Boolean reflectionOnly, StackCrawlMark& stackMark)
   在 System.Type.GetType(String typeName, Boolean throwOnError, Boolean ignoreCase)
   在 log4net.Util.SystemInfo.GetTypeFromString(Assembly relativeAssembly, String typeName, Boolean throwOnError, Boolean ignoreCase) 位置 f:\迅雷下载\log4net-1.2.15-src\log4net-1.2.15\src\Util\SystemInfo.cs:行号 738
   在 log4net.Util.SystemInfo.GetTypeFromString(String typeName, Boolean throwOnError, Boolean ignoreCase) 位置 f:\迅雷下载\log4net-1.2.15-src\log4net-1.2.15\src\Util\SystemInfo.cs:行号 642
   在 log4net.Repository.Hierarchy.XmlHierarchyConfigurator.ParseAppender(XmlElement appenderElement) 位置 f:\迅雷下载\log4net-1.2.15-src\log4net-1.2.15\src\Repository\Hierarchy\XmlHierarchyConfigurator.cs:行号 303

警告: 程序集绑定日志记录被关闭。
要启用程序集绑定失败日志记录，请将注册表值 [HKLM\Software\Microsoft\Fusion!EnableLog] (DWORD)设置为 1。
注意: 会有一些与程序集绑定失败日志记录关联的性能损失。
要关闭此功能，请移除注册表值 [HKLM\Software\Microsoft\Fusion!EnableLog]。

log4net:ERROR Appender named [EventFlumeAppender] not found.
log4net: log4net assembly [log4net, Version=1.2.15.0, Culture=neutral, PublicKeyToken=null]. Loaded from [E:\Source\Workspaces\YB_SHOP_1.2\BAnalytics\BAnalytics.MessageHandling.WindowsService\bin\Debug\log4net.dll]. (.NET Runtime [4.0.30319.34209] on Microsoft Windows NT 6.1.7601 Service Pack 1)
log4net: defaultRepositoryType [log4net.Repository.Hierarchy.Hierarchy]
log4net: Creating repository for assembly [BAnalytics.MessageHandling, Version=1.0.0.0, Culture=neutral, PublicKeyToken=null]
log4net: Assembly [BAnalytics.MessageHandling, Version=1.0.0.0, Culture=neutral, PublicKeyToken=null] Loaded From [E:\Source\Workspaces\YB_SHOP_1.2\BAnalytics\BAnalytics.MessageHandling.WindowsService\bin\Debug\BAnalytics.MessageHandling.dll]
log4net: Assembly [BAnalytics.MessageHandling, Version=1.0.0.0, Culture=neutral, PublicKeyToken=null] does not have a RepositoryAttribute specified.
log4net: Assembly [BAnalytics.MessageHandling, Version=1.0.0.0, Culture=neutral, PublicKeyToken=null] using repository [log4net-default-repository] and repository type [log4net.Repository.Hierarchy.Hierarchy]
log4net: Creating repository [log4net-default-repository] using type [log4net.Repository.Hierarchy.Hierarchy]
log4net: configuring repository [log4net-default-repository] using file [E:\Source\Workspaces\YB_SHOP_1.2\BAnalytics\BAnalytics.MessageHandling.WindowsService\bin\Debug\BAnalytics.MessageHandling.WindowsService.exe.Config] watching for file updates
log4net: configuring repository [log4net-default-repository] using file [E:\Source\Workspaces\YB_SHOP_1.2\BAnalytics\BAnalytics.MessageHandling.WindowsService\bin\Debug\BAnalytics.MessageHandling.WindowsService.exe.Config]
log4net: configuring repository [log4net-default-repository] using stream
log4net: loading XML configuration
log4net: Configuring Repository [log4net-default-repository]
log4net: Configuration update mode [Merge].
log4net: Retrieving an instance of log4net.Repository.Logger for logger [ub_pageview_log].
log4net: Setting [ub_pageview_log] additivity to [False].
log4net: Logger [ub_pageview_log] Level string is [INFO].
log4net: Logger [ub_pageview_log] level set to [name="INFO",value=40000].
log4net: Loading Appender [PageViewFlumeAppender] type: [DotNetFlumeNG.Client.log4net.FlumeAppender, DotNetFlumeNG.Client.log4net]
log4net: Setting Property [Client] to ClientType value [Thrift]
log4net: Setting Property [Host] to String value [43.247.89.18]
log4net: Setting Property [Port] to Int32 value [9090]
log4net: Converter [message] Option [] Format [min=-1,max=2147483647,leftAlign=False]
log4net: Converter [newline] Option [] Format [min=-1,max=2147483647,leftAlign=False]
log4net: Setting Property [ConversionPattern] to String value [%property{FormatTime}	%property{Uid}	%property{Sid}	%property{Url}	%property{Ip}	%property{Title}	%property{Vid}	%property{RefUrl}	%property{User}	%property{UserAgent}	%property{ScreenHeight}	%property{ScreenWidth}	%property{ColorDepth}	%property{Language}	%property{Os}	%property{Cookie}	%property{Rid}	%property{Did}	%property{CityName}	%property{CityId}	%property{ProvinceName}	%property{DistrictName}	%property{StreetName}	%property{StreetNumber}	%property{LoginChannel}	%property{MemberId}	%property{BrowserFamily}	%property{BrowserMajor}	%property{BrowserMinor}	%property{OsFamily}	%property{OsMajor}	%property{OsMinor}	%property{DeviceFamily}	%property{DeviceBrand}	%property{DeviceModel}	%property{VisitChannel}	%property{VisitSource}	%property{UrlTypeId}]
log4net: Converter [property] Option [FormatTime] Format [min=-1,max=2147483647,leftAlign=False]
log4net: Converter [literal] Option [	] Format [min=-1,max=2147483647,leftAlign=False]
log4net: Converter [property] Option [Uid] Format [min=-1,max=2147483647,leftAlign=False]
log4net: Converter [literal] Option [	] Format [min=-1,max=2147483647,leftAlign=False]
log4net: Converter [property] Option [Sid] Format [min=-1,max=2147483647,leftAlign=False]
log4net: Converter [literal] Option [	] Format [min=-1,max=2147483647,leftAlign=False]
log4net: Converter [property] Option [Url] Format [min=-1,max=2147483647,leftAlign=False]
log4net: Converter [literal] Option [	] Format [min=-1,max=2147483647,leftAlign=False]
log4net: Converter [property] Option [Ip] Format [min=-1,max=2147483647,leftAlign=False]
log4net: Converter [literal] Option [	] Format [min=-1,max=2147483647,leftAlign=False]
log4net: Converter [property] Option [Title] Format [min=-1,max=2147483647,leftAlign=False]
log4net: Converter [literal] Option [	] Format [min=-1,max=2147483647,leftAlign=False]
log4net: Converter [property] Option [Vid] Format [min=-1,max=2147483647,leftAlign=False]
log4net: Converter [literal] Option [	] Format [min=-1,max=2147483647,leftAlign=False]
log4net: Converter [property] Option [RefUrl] Format [min=-1,max=2147483647,leftAlign=False]
log4net: Converter [literal] Option [	] Format [min=-1,max=2147483647,leftAlign=False]
log4net: Converter [property] Option [User] Format [min=-1,max=2147483647,leftAlign=False]
log4net: Converter [literal] Option [	] Format [min=-1,max=2147483647,leftAlign=False]
log4net: Converter [property] Option [UserAgent] Format [min=-1,max=2147483647,leftAlign=False]
log4net: Converter [literal] Option [	] Format [min=-1,max=2147483647,leftAlign=False]
log4net: Converter [property] Option [ScreenHeight] Format [min=-1,max=2147483647,leftAlign=False]
log4net: Converter [literal] Option [	] Format [min=-1,max=2147483647,leftAlign=False]
log4net: Converter [property] Option [ScreenWidth] Format [min=-1,max=2147483647,leftAlign=False]
log4net: Converter [literal] Option [	] Format [min=-1,max=2147483647,leftAlign=False]
log4net: Converter [property] Option [ColorDepth] Format [min=-1,max=2147483647,leftAlign=False]
log4net: Converter [literal] Option [	] Format [min=-1,max=2147483647,leftAlign=False]
log4net: Converter [property] Option [Language] Format [min=-1,max=2147483647,leftAlign=False]
log4net: Converter [literal] Option [	] Format [min=-1,max=2147483647,leftAlign=False]
log4net: Converter [property] Option [Os] Format [min=-1,max=2147483647,leftAlign=False]
log4net: Converter [literal] Option [	] Format [min=-1,max=2147483647,leftAlign=False]
log4net: Converter [property] Option [Cookie] Format [min=-1,max=2147483647,leftAlign=False]
log4net: Converter [literal] Option [	] Format [min=-1,max=2147483647,leftAlign=False]
log4net: Converter [property] Option [Rid] Format [min=-1,max=2147483647,leftAlign=False]
log4net: Converter [literal] Option [	] Format [min=-1,max=2147483647,leftAlign=False]
log4net: Converter [property] Option [Did] Format [min=-1,max=2147483647,leftAlign=False]
log4net: Converter [literal] Option [	] Format [min=-1,max=2147483647,leftAlign=False]
log4net: Converter [property] Option [CityName] Format [min=-1,max=2147483647,leftAlign=False]
log4net: Converter [literal] Option [	] Format [min=-1,max=2147483647,leftAlign=False]
log4net: Converter [property] Option [CityId] Format [min=-1,max=2147483647,leftAlign=False]
log4net: Converter [literal] Option [	] Format [min=-1,max=2147483647,leftAlign=False]
log4net: Converter [property] Option [ProvinceName] Format [min=-1,max=2147483647,leftAlign=False]
log4net: Converter [literal] Option [	] Format [min=-1,max=2147483647,leftAlign=False]
log4net: Converter [property] Option [DistrictName] Format [min=-1,max=2147483647,leftAlign=False]
log4net: Converter [literal] Option [	] Format [min=-1,max=2147483647,leftAlign=False]
log4net: Converter [property] Option [StreetName] Format [min=-1,max=2147483647,leftAlign=False]
log4net: Converter [literal] Option [	] Format [min=-1,max=2147483647,leftAlign=False]
log4net: Converter [property] Option [StreetNumber] Format [min=-1,max=2147483647,leftAlign=False]
log4net: Converter [literal] Option [	] Format [min=-1,max=2147483647,leftAlign=False]
log4net: Converter [property] Option [LoginChannel] Format [min=-1,max=2147483647,leftAlign=False]
log4net: Converter [literal] Option [	] Format [min=-1,max=2147483647,leftAlign=False]
log4net: Converter [property] Option [MemberId] Format [min=-1,max=2147483647,leftAlign=False]
log4net: Converter [literal] Option [	] Format [min=-1,max=2147483647,leftAlign=False]
log4net: Converter [property] Option [BrowserFamily] Format [min=-1,max=2147483647,leftAlign=False]
log4net: Converter [literal] Option [	] Format [min=-1,max=2147483647,leftAlign=False]
log4net: Converter [property] Option [BrowserMajor] Format [min=-1,max=2147483647,leftAlign=False]
log4net: Converter [literal] Option [	] Format [min=-1,max=2147483647,leftAlign=False]
log4net: Converter [property] Option [BrowserMinor] Format [min=-1,max=2147483647,leftAlign=False]
log4net: Converter [literal] Option [	] Format [min=-1,max=2147483647,leftAlign=False]
log4net: Converter [property] Option [OsFamily] Format [min=-1,max=2147483647,leftAlign=False]
log4net: Converter [literal] Option [	] Format [min=-1,max=2147483647,leftAlign=False]
log4net: Converter [property] Option [OsMajor] Format [min=-1,max=2147483647,leftAlign=False]
log4net: Converter [literal] Option [	] Format [min=-1,max=2147483647,leftAlign=False]
log4net: Converter [property] Option [OsMinor] Format [min=-1,max=2147483647,leftAlign=False]
log4net: Converter [literal] Option [	] Format [min=-1,max=2147483647,leftAlign=False]
log4net: Converter [property] Option [DeviceFamily] Format [min=-1,max=2147483647,leftAlign=False]
log4net: Converter [literal] Option [	] Format [min=-1,max=2147483647,leftAlign=False]
log4net: Converter [property] Option [DeviceBrand] Format [min=-1,max=2147483647,leftAlign=False]
log4net: Converter [literal] Option [	] Format [min=-1,max=2147483647,leftAlign=False]
log4net: Converter [property] Option [DeviceModel] Format [min=-1,max=2147483647,leftAlign=False]
log4net: Converter [literal] Option [	] Format [min=-1,max=2147483647,leftAlign=False]
log4net: Converter [property] Option [VisitChannel] Format [min=-1,max=2147483647,leftAlign=False]
log4net: Converter [literal] Option [	] Format [min=-1,max=2147483647,leftAlign=False]
log4net: Converter [property] Option [VisitSource] Format [min=-1,max=2147483647,leftAlign=False]
log4net: Converter [literal] Option [	] Format [min=-1,max=2147483647,leftAlign=False]
log4net: Converter [property] Option [UrlTypeId] Format [min=-1,max=2147483647,leftAlign=False]
log4net: Setting Property [Layout] to object [BAnalytics.MessageHandling.Util.ReflectionLayout]
log4net: Setting Property [LevelMin] to Level value [INFO]
log4net: Setting Property [LevelMax] to Level value [INFO]
log4net: Setting Collection Property [AddFilter] to object [log4net.Filter.LevelRangeFilter]
log4net: Created Appender [PageViewFlumeAppender]
log4net: Adding appender named [PageViewFlumeAppender] to logger [ub_pageview_log].
log4net: Loading Appender [PageViewFileAppender] type: [log4net.Appender.RollingFileAppender]
log4net: Setting Property [LockingModel] to object [log4net.Appender.FileAppender+MinimalLock]
log4net: Setting Property [File] to String value [Log\PageView\]
log4net: Setting Property [AppendToFile] to Boolean value [True]
log4net: Setting Property [RollingStyle] to RollingMode value [Composite]
log4net: Setting Property [DatePattern] to String value [yyyy-MM-dd.'UserBehavior.log']
log4net: Setting Property [StaticLogFileName] to Boolean value [False]
log4net: Setting Property [MaximumFileSize] to String value [1000KB]
log4net: Setting Property [MaxSizeRollBackups] to Int32 value [-1]
log4net: Converter [message] Option [] Format [min=-1,max=2147483647,leftAlign=False]
log4net: Converter [newline] Option [] Format [min=-1,max=2147483647,leftAlign=False]
log4net: Setting Property [ConversionPattern] to String value [%property{FormatTime}	%property{Uid}	%property{Sid}	%property{Url}	%property{Ip}	%property{Title}	%property{Vid}	%property{RefUrl}	%property{User}	%property{UserAgent}	%property{ScreenHeight}	%property{ScreenWidth}	%property{ColorDepth}	%property{Language}	%property{Os}	%property{Cookie}	%property{Rid}	%property{Did}	%property{CityName}	%property{CityId}	%property{ProvinceName}	%property{DistrictName}	%property{StreetName}	%property{StreetNumber}	%property{LoginChannel}	%property{MemberId}	%property{BrowserFamily}	%property{BrowserMajor}	%property{BrowserMinor}	%property{OsFamily}	%property{OsMajor}	%property{OsMinor}	%property{DeviceFamily}	%property{DeviceBrand}	%property{DeviceModel}	%property{VisitChannel}	%property{VisitSource}	%property{UrlTypeId}	%property{SourceId}%newline]
log4net: Converter [property] Option [FormatTime] Format [min=-1,max=2147483647,leftAlign=False]
log4net: Converter [literal] Option [	] Format [min=-1,max=2147483647,leftAlign=False]
log4net: Converter [property] Option [Uid] Format [min=-1,max=2147483647,leftAlign=False]
log4net: Converter [literal] Option [	] Format [min=-1,max=2147483647,leftAlign=False]
log4net: Converter [property] Option [Sid] Format [min=-1,max=2147483647,leftAlign=False]
log4net: Converter [literal] Option [	] Format [min=-1,max=2147483647,leftAlign=False]
log4net: Converter [property] Option [Url] Format [min=-1,max=2147483647,leftAlign=False]
log4net: Converter [literal] Option [	] Format [min=-1,max=2147483647,leftAlign=False]
log4net: Converter [property] Option [Ip] Format [min=-1,max=2147483647,leftAlign=False]
log4net: Converter [literal] Option [	] Format [min=-1,max=2147483647,leftAlign=False]
log4net: Converter [property] Option [Title] Format [min=-1,max=2147483647,leftAlign=False]
log4net: Converter [literal] Option [	] Format [min=-1,max=2147483647,leftAlign=False]
log4net: Converter [property] Option [Vid] Format [min=-1,max=2147483647,leftAlign=False]
log4net: Converter [literal] Option [	] Format [min=-1,max=2147483647,leftAlign=False]
log4net: Converter [property] Option [RefUrl] Format [min=-1,max=2147483647,leftAlign=False]
log4net: Converter [literal] Option [	] Format [min=-1,max=2147483647,leftAlign=False]
log4net: Converter [property] Option [User] Format [min=-1,max=2147483647,leftAlign=False]
log4net: Converter [literal] Option [	] Format [min=-1,max=2147483647,leftAlign=False]
log4net: Converter [property] Option [UserAgent] Format [min=-1,max=2147483647,leftAlign=False]
log4net: Converter [literal] Option [	] Format [min=-1,max=2147483647,leftAlign=False]
log4net: Converter [property] Option [ScreenHeight] Format [min=-1,max=2147483647,leftAlign=False]
log4net: Converter [literal] Option [	] Format [min=-1,max=2147483647,leftAlign=False]
log4net: Converter [property] Option [ScreenWidth] Format [min=-1,max=2147483647,leftAlign=False]
log4net: Converter [literal] Option [	] Format [min=-1,max=2147483647,leftAlign=False]
log4net: Converter [property] Option [ColorDepth] Format [min=-1,max=2147483647,leftAlign=False]
log4net: Converter [literal] Option [	] Format [min=-1,max=2147483647,leftAlign=False]
log4net: Converter [property] Option [Language] Format [min=-1,max=2147483647,leftAlign=False]
log4net: Converter [literal] Option [	] Format [min=-1,max=2147483647,leftAlign=False]
log4net: Converter [property] Option [Os] Format [min=-1,max=2147483647,leftAlign=False]
log4net: Converter [literal] Option [	] Format [min=-1,max=2147483647,leftAlign=False]
log4net: Converter [property] Option [Cookie] Format [min=-1,max=2147483647,leftAlign=False]
log4net: Converter [literal] Option [	] Format [min=-1,max=2147483647,leftAlign=False]
log4net: Converter [property] Option [Rid] Format [min=-1,max=2147483647,leftAlign=False]
log4net: Converter [literal] Option [	] Format [min=-1,max=2147483647,leftAlign=False]
log4net: Converter [property] Option [Did] Format [min=-1,max=2147483647,leftAlign=False]
log4net: Converter [literal] Option [	] Format [min=-1,max=2147483647,leftAlign=False]
log4net: Converter [property] Option [CityName] Format [min=-1,max=2147483647,leftAlign=False]
log4net: Converter [literal] Option [	] Format [min=-1,max=2147483647,leftAlign=False]
log4net: Converter [property] Option [CityId] Format [min=-1,max=2147483647,leftAlign=False]
log4net: Converter [literal] Option [	] Format [min=-1,max=2147483647,leftAlign=False]
log4net: Converter [property] Option [ProvinceName] Format [min=-1,max=2147483647,leftAlign=False]
log4net: Converter [literal] Option [	] Format [min=-1,max=2147483647,leftAlign=False]
log4net: Converter [property] Option [DistrictName] Format [min=-1,max=2147483647,leftAlign=False]
log4net: Converter [literal] Option [	] Format [min=-1,max=2147483647,leftAlign=False]
log4net: Converter [property] Option [StreetName] Format [min=-1,max=2147483647,leftAlign=False]
log4net: Converter [literal] Option [	] Format [min=-1,max=2147483647,leftAlign=False]
log4net: Converter [property] Option [StreetNumber] Format [min=-1,max=2147483647,leftAlign=False]
log4net: Converter [literal] Option [	] Format [min=-1,max=2147483647,leftAlign=False]
log4net: Converter [property] Option [LoginChannel] Format [min=-1,max=2147483647,leftAlign=False]
log4net: Converter [literal] Option [	] Format [min=-1,max=2147483647,leftAlign=False]
log4net: Converter [property] Option [MemberId] Format [min=-1,max=2147483647,leftAlign=False]
log4net: Converter [literal] Option [	] Format [min=-1,max=2147483647,leftAlign=False]
log4net: Converter [property] Option [BrowserFamily] Format [min=-1,max=2147483647,leftAlign=False]
log4net: Converter [literal] Option [	] Format [min=-1,max=2147483647,leftAlign=False]
log4net: Converter [property] Option [BrowserMajor] Format [min=-1,max=2147483647,leftAlign=False]
log4net: Converter [literal] Option [	] Format [min=-1,max=2147483647,leftAlign=False]
log4net: Converter [property] Option [BrowserMinor] Format [min=-1,max=2147483647,leftAlign=False]
log4net: Converter [literal] Option [	] Format [min=-1,max=2147483647,leftAlign=False]
log4net: Converter [property] Option [OsFamily] Format [min=-1,max=2147483647,leftAlign=False]
log4net: Converter [literal] Option [	] Format [min=-1,max=2147483647,leftAlign=False]
log4net: Converter [property] Option [OsMajor] Format [min=-1,max=2147483647,leftAlign=False]
log4net: Converter [literal] Option [	] Format [min=-1,max=2147483647,leftAlign=False]
log4net: Converter [property] Option [OsMinor] Format [min=-1,max=2147483647,leftAlign=False]
log4net: Converter [literal] Option [	] Format [min=-1,max=2147483647,leftAlign=False]
log4net: Converter [property] Option [DeviceFamily] Format [min=-1,max=2147483647,leftAlign=False]
log4net: Converter [literal] Option [	] Format [min=-1,max=2147483647,leftAlign=False]
log4net: Converter [property] Option [DeviceBrand] Format [min=-1,max=2147483647,leftAlign=False]
log4net: Converter [literal] Option [	] Format [min=-1,max=2147483647,leftAlign=False]
log4net: Converter [property] Option [DeviceModel] Format [min=-1,max=2147483647,leftAlign=False]
log4net: Converter [literal] Option [	] Format [min=-1,max=2147483647,leftAlign=False]
log4net: Converter [property] Option [VisitChannel] Format [min=-1,max=2147483647,leftAlign=False]
log4net: Converter [literal] Option [	] Format [min=-1,max=2147483647,leftAlign=False]
log4net: Converter [property] Option [VisitSource] Format [min=-1,max=2147483647,leftAlign=False]
log4net: Converter [literal] Option [	] Format [min=-1,max=2147483647,leftAlign=False]
log4net: Converter [property] Option [UrlTypeId] Format [min=-1,max=2147483647,leftAlign=False]
log4net: Converter [literal] Option [	] Format [min=-1,max=2147483647,leftAlign=False]
log4net: Converter [property] Option [SourceId] Format [min=-1,max=2147483647,leftAlign=False]
log4net: Converter [newline] Option [] Format [min=-1,max=2147483647,leftAlign=False]
log4net: Setting Property [Layout] to object [BAnalytics.MessageHandling.Util.ReflectionLayout]
log4net: Setting Property [LevelMin] to Level value [INFO]
log4net: Setting Property [LevelMax] to Level value [INFO]
log4net: Setting Collection Property [AddFilter] to object [log4net.Filter.LevelRangeFilter]
log4net: Type = [0], r0 = [1970-01-01.UserBehavior.log], r1 = [1970-01-01.UserBehavior.log]
log4net: Type = [1], r0 = [1970-01-01.UserBehavior.log], r1 = [1970-01-01.UserBehavior.log]
log4net: Type = [2], r0 = [1970-01-01.UserBehavior.log], r1 = [1970-01-01.UserBehavior.log]
log4net: Type = [3], r0 = [1970-01-01.UserBehavior.log], r1 = [1970-01-02.UserBehavior.log]
log4net: Searched for existing files in [E:\Source\Workspaces\YB_SHOP_1.2\BAnalytics\BAnalytics.MessageHandling.WindowsService\bin\Debug\Log\PageView]
log4net: Ignoring file [2016-05-26.userbehavior.log] because it is from a different date period
log4net: curSizeRollBackups starts at [0]
log4net: Opening file for writing [E:\Source\Workspaces\YB_SHOP_1.2\BAnalytics\BAnalytics.MessageHandling.WindowsService\bin\Debug\Log\PageView\2016-05-26.UserBehavior.log] append [True]
log4net: Created Appender [PageViewFileAppender]
log4net: Adding appender named [PageViewFileAppender] to logger [ub_pageview_log].
log4net: Retrieving an instance of log4net.Repository.Logger for logger [ub_event_log].
log4net: Setting [ub_event_log] additivity to [False].
log4net: Logger [ub_event_log] Level string is [INFO].
log4net: Logger [ub_event_log] level set to [name="INFO",value=40000].
log4net: Loading Appender [EventFlumeAppender] type: [DotNetFlumeNG.Client.log4net.FlumeAppender, DotNetFlumeNG.Client.log4net]
log4net: Setting Property [Client] to ClientType value [Thrift]
log4net: Setting Property [Host] to String value [43.247.89.18]
log4net: Setting Property [Port] to Int32 value [9091]
log4net: Converter [message] Option [] Format [min=-1,max=2147483647,leftAlign=False]
log4net: Converter [newline] Option [] Format [min=-1,max=2147483647,leftAlign=False]
log4net: Setting Property [ConversionPattern] to String value [%property{Eid}	%property{Vid}	%property{Url}	%property{FormatTime}	%property{Uid}	%property{Sid}	%property{EventCategoryId}	%property{EventCategory}	%property{EventAction}	%property{EventLabel}	%property{EventValue}	%property{EventNodeId}]
log4net: Converter [property] Option [Eid] Format [min=-1,max=2147483647,leftAlign=False]
log4net: Converter [literal] Option [	] Format [min=-1,max=2147483647,leftAlign=False]
log4net: Converter [property] Option [Vid] Format [min=-1,max=2147483647,leftAlign=False]
log4net: Converter [literal] Option [	] Format [min=-1,max=2147483647,leftAlign=False]
log4net: Converter [property] Option [Url] Format [min=-1,max=2147483647,leftAlign=False]
log4net: Converter [literal] Option [	] Format [min=-1,max=2147483647,leftAlign=False]
log4net: Converter [property] Option [FormatTime] Format [min=-1,max=2147483647,leftAlign=False]
log4net: Converter [literal] Option [	] Format [min=-1,max=2147483647,leftAlign=False]
log4net: Converter [property] Option [Uid] Format [min=-1,max=2147483647,leftAlign=False]
log4net: Converter [literal] Option [	] Format [min=-1,max=2147483647,leftAlign=False]
log4net: Converter [property] Option [Sid] Format [min=-1,max=2147483647,leftAlign=False]
log4net: Converter [literal] Option [	] Format [min=-1,max=2147483647,leftAlign=False]
log4net: Converter [property] Option [EventCategoryId] Format [min=-1,max=2147483647,leftAlign=False]
log4net: Converter [literal] Option [	] Format [min=-1,max=2147483647,leftAlign=False]
log4net: Converter [property] Option [EventCategory] Format [min=-1,max=2147483647,leftAlign=False]
log4net: Converter [literal] Option [	] Format [min=-1,max=2147483647,leftAlign=False]
log4net: Converter [property] Option [EventAction] Format [min=-1,max=2147483647,leftAlign=False]
log4net: Converter [literal] Option [	] Format [min=-1,max=2147483647,leftAlign=False]
log4net: Converter [property] Option [EventLabel] Format [min=-1,max=2147483647,leftAlign=False]
log4net: Converter [literal] Option [	] Format [min=-1,max=2147483647,leftAlign=False]
log4net: Converter [property] Option [EventValue] Format [min=-1,max=2147483647,leftAlign=False]
log4net: Converter [literal] Option [	] Format [min=-1,max=2147483647,leftAlign=False]
log4net: Converter [property] Option [EventNodeId] Format [min=-1,max=2147483647,leftAlign=False]
log4net: Setting Property [Layout] to object [BAnalytics.MessageHandling.Util.ReflectionLayout]
log4net: Setting Property [LevelMin] to Level value [INFO]
log4net: Setting Property [LevelMax] to Level value [INFO]
log4net: Setting Collection Property [AddFilter] to object [log4net.Filter.LevelRangeFilter]
log4net: Created Appender [EventFlumeAppender]
log4net: Adding appender named [EventFlumeAppender] to logger [ub_event_log].
log4net: Loading Appender [EventFileAppender] type: [log4net.Appender.RollingFileAppender]
log4net: Setting Property [LockingModel] to object [log4net.Appender.FileAppender+MinimalLock]
log4net: Setting Property [File] to String value [Log\Event\]
log4net: Setting Property [AppendToFile] to Boolean value [True]
log4net: Setting Property [RollingStyle] to RollingMode value [Composite]
log4net: Setting Property [DatePattern] to String value [yyyy-MM-dd.'Search.log']
log4net: Setting Property [StaticLogFileName] to Boolean value [False]
log4net: Setting Property [MaximumFileSize] to String value [1000KB]
log4net: Setting Property [MaxSizeRollBackups] to Int32 value [-1]
log4net: Converter [message] Option [] Format [min=-1,max=2147483647,leftAlign=False]
log4net: Converter [newline] Option [] Format [min=-1,max=2147483647,leftAlign=False]
log4net: Setting Property [ConversionPattern] to String value [%property{Eid}	%property{Vid}	%property{Url}	%property{FormatTime}	%property{Uid}	%property{Sid}	%property{EventCategoryId}	%property{EventCategory}	%property{EventAction}	%property{EventLabel}	%property{EventValue}	%property{EventNodeId}%newline]
log4net: Converter [property] Option [Eid] Format [min=-1,max=2147483647,leftAlign=False]
log4net: Converter [literal] Option [	] Format [min=-1,max=2147483647,leftAlign=False]
log4net: Converter [property] Option [Vid] Format [min=-1,max=2147483647,leftAlign=False]
log4net: Converter [literal] Option [	] Format [min=-1,max=2147483647,leftAlign=False]
log4net: Converter [property] Option [Url] Format [min=-1,max=2147483647,leftAlign=False]
log4net: Converter [literal] Option [	] Format [min=-1,max=2147483647,leftAlign=False]
log4net: Converter [property] Option [FormatTime] Format [min=-1,max=2147483647,leftAlign=False]
log4net: Converter [literal] Option [	] Format [min=-1,max=2147483647,leftAlign=False]
log4net: Converter [property] Option [Uid] Format [min=-1,max=2147483647,leftAlign=False]
log4net: Converter [literal] Option [	] Format [min=-1,max=2147483647,leftAlign=False]
log4net: Converter [property] Option [Sid] Format [min=-1,max=2147483647,leftAlign=False]
log4net: Converter [literal] Option [	] Format [min=-1,max=2147483647,leftAlign=False]
log4net: Converter [property] Option [EventCategoryId] Format [min=-1,max=2147483647,leftAlign=False]
log4net: Converter [literal] Option [	] Format [min=-1,max=2147483647,leftAlign=False]
log4net: Converter [property] Option [EventCategory] Format [min=-1,max=2147483647,leftAlign=False]
log4net: Converter [literal] Option [	] Format [min=-1,max=2147483647,leftAlign=False]
log4net: Converter [property] Option [EventAction] Format [min=-1,max=2147483647,leftAlign=False]
log4net: Converter [literal] Option [	] Format [min=-1,max=2147483647,leftAlign=False]
log4net: Converter [property] Option [EventLabel] Format [min=-1,max=2147483647,leftAlign=False]
log4net: Converter [literal] Option [	] Format [min=-1,max=2147483647,leftAlign=False]
log4net: Converter [property] Option [EventValue] Format [min=-1,max=2147483647,leftAlign=False]
log4net: Converter [literal] Option [	] Format [min=-1,max=2147483647,leftAlign=False]
log4net: Converter [property] Option [EventNodeId] Format [min=-1,max=2147483647,leftAlign=False]
log4net: Converter [newline] Option [] Format [min=-1,max=2147483647,leftAlign=False]
log4net: Setting Property [Layout] to object [BAnalytics.MessageHandling.Util.ReflectionLayout]
log4net: Setting Property [LevelMin] to Level value [INFO]
log4net: Setting Property [LevelMax] to Level value [INFO]
log4net: Setting Collection Property [AddFilter] to object [log4net.Filter.LevelRangeFilter]
log4net: Type = [0], r0 = [1970-01-01.Search.log], r1 = [1970-01-01.Search.log]
log4net: Type = [1], r0 = [1970-01-01.Search.log], r1 = [1970-01-01.Search.log]
log4net: Type = [2], r0 = [1970-01-01.Search.log], r1 = [1970-01-01.Search.log]
log4net: Type = [3], r0 = [1970-01-01.Search.log], r1 = [1970-01-02.Search.log]
log4net: Searched for existing files in [E:\Source\Workspaces\YB_SHOP_1.2\BAnalytics\BAnalytics.MessageHandling.WindowsService\bin\Debug\Log\Event]
log4net: Ignoring file [2016-05-26.search.log] because it is from a different date period
log4net: curSizeRollBackups starts at [0]
log4net: Opening file for writing [E:\Source\Workspaces\YB_SHOP_1.2\BAnalytics\BAnalytics.MessageHandling.WindowsService\bin\Debug\Log\Event\2016-05-26.Search.log] append [True]
log4net: Created Appender [EventFileAppender]
log4net: Adding appender named [EventFileAppender] to logger [ub_event_log].
log4net: Logger [root] Level string is [DEBUG].
log4net: Logger [root] level set to [name="DEBUG",value=30000].
log4net: Loading Appender [ErrorRollingFileAppender] type: [log4net.Appender.RollingFileAppender]
log4net: Setting Property [LockingModel] to object [log4net.Appender.FileAppender+MinimalLock]
log4net: Setting Property [File] to String value [Log\Error\]
log4net: Setting Property [AppendToFile] to Boolean value [True]
log4net: Setting Property [RollingStyle] to RollingMode value [Composite]
log4net: Setting Property [DatePattern] to String value [yyyy-MM-dd.'Error.log']
log4net: Setting Property [StaticLogFileName] to Boolean value [False]
log4net: Setting Property [MaximumFileSize] to String value [1000KB]
log4net: Setting Property [MaxSizeRollBackups] to Int32 value [-1]
log4net: Converter [message] Option [] Format [min=-1,max=2147483647,leftAlign=False]
log4net: Converter [newline] Option [] Format [min=-1,max=2147483647,leftAlign=False]
log4net: Setting Property [ConversionPattern] to String value [记录时间：%date %n日志级别：%-5level %n异常类名：%logger  %n异常来源：%message %newline%newline]
log4net: Converter [literal] Option [记录时间：] Format [min=-1,max=2147483647,leftAlign=False]
log4net: Converter [date] Option [] Format [min=-1,max=2147483647,leftAlign=False]
log4net: Converter [literal] Option [ ] Format [min=-1,max=2147483647,leftAlign=False]
log4net: Converter [n] Option [] Format [min=-1,max=2147483647,leftAlign=False]
log4net: Converter [literal] Option [日志级别：] Format [min=-1,max=2147483647,leftAlign=False]
log4net: Converter [level] Option [] Format [min=5,max=2147483647,leftAlign=True]
log4net: Converter [literal] Option [ ] Format [min=-1,max=2147483647,leftAlign=False]
log4net: Converter [n] Option [] Format [min=-1,max=2147483647,leftAlign=False]
log4net: Converter [literal] Option [异常类名：] Format [min=-1,max=2147483647,leftAlign=False]
log4net: Converter [logger] Option [] Format [min=-1,max=2147483647,leftAlign=False]
log4net: Converter [literal] Option [  ] Format [min=-1,max=2147483647,leftAlign=False]
log4net: Converter [n] Option [] Format [min=-1,max=2147483647,leftAlign=False]
log4net: Converter [literal] Option [异常来源：] Format [min=-1,max=2147483647,leftAlign=False]
log4net: Converter [message] Option [] Format [min=-1,max=2147483647,leftAlign=False]
log4net: Converter [literal] Option [ ] Format [min=-1,max=2147483647,leftAlign=False]
log4net: Converter [newline] Option [] Format [min=-1,max=2147483647,leftAlign=False]
log4net: Converter [newline] Option [] Format [min=-1,max=2147483647,leftAlign=False]
log4net: Setting Property [Layout] to object [log4net.Layout.PatternLayout]
log4net: Setting Property [LevelMin] to Level value [ERROR]
log4net: Setting Property [LevelMax] to Level value [ERROR]
log4net: Setting Collection Property [AddFilter] to object [log4net.Filter.LevelRangeFilter]
log4net: Type = [0], r0 = [1970-01-01.Error.log], r1 = [1970-01-01.Error.log]
log4net: Type = [1], r0 = [1970-01-01.Error.log], r1 = [1970-01-01.Error.log]
log4net: Type = [2], r0 = [1970-01-01.Error.log], r1 = [1970-01-01.Error.log]
log4net: Type = [3], r0 = [1970-01-01.Error.log], r1 = [1970-01-02.Error.log]
log4net: Searched for existing files in [E:\Source\Workspaces\YB_SHOP_1.2\BAnalytics\BAnalytics.MessageHandling.WindowsService\bin\Debug\Log\Error]
log4net: Ignoring file [2016-05-26.error.log] because it is from a different date period
log4net: curSizeRollBackups starts at [0]
log4net: Opening file for writing [E:\Source\Workspaces\YB_SHOP_1.2\BAnalytics\BAnalytics.MessageHandling.WindowsService\bin\Debug\Log\Error\2016-05-26.Error.log] append [True]
log4net: Created Appender [ErrorRollingFileAppender]
log4net: Adding appender named [ErrorRollingFileAppender] to logger [root].
log4net: Loading Appender [DebugRollingFileAppender] type: [log4net.Appender.RollingFileAppender]
log4net: Setting Property [LockingModel] to object [log4net.Appender.FileAppender+MinimalLock]
log4net: Setting Property [File] to String value [Log\Debug\]
log4net: Setting Property [AppendToFile] to Boolean value [True]
log4net: Setting Property [RollingStyle] to RollingMode value [Composite]
log4net: Setting Property [DatePattern] to String value [yyyy-MM-dd.'Debug.log']
log4net: Setting Property [StaticLogFileName] to Boolean value [False]
log4net: Setting Property [MaximumFileSize] to String value [1000KB]
log4net: Setting Property [MaxSizeRollBackups] to Int32 value [-1]
log4net: Converter [message] Option [] Format [min=-1,max=2147483647,leftAlign=False]
log4net: Converter [newline] Option [] Format [min=-1,max=2147483647,leftAlign=False]
log4net: Setting Property [ConversionPattern] to String value [记录时间：%date %n日志级别：%-5level %n异常类名：%logger  %n异常来源：%message %newline%newline]
log4net: Converter [literal] Option [记录时间：] Format [min=-1,max=2147483647,leftAlign=False]
log4net: Converter [date] Option [] Format [min=-1,max=2147483647,leftAlign=False]
log4net: Converter [literal] Option [ ] Format [min=-1,max=2147483647,leftAlign=False]
log4net: Converter [n] Option [] Format [min=-1,max=2147483647,leftAlign=False]
log4net: Converter [literal] Option [日志级别：] Format [min=-1,max=2147483647,leftAlign=False]
log4net: Converter [level] Option [] Format [min=5,max=2147483647,leftAlign=True]
log4net: Converter [literal] Option [ ] Format [min=-1,max=2147483647,leftAlign=False]
log4net: Converter [n] Option [] Format [min=-1,max=2147483647,leftAlign=False]
log4net: Converter [literal] Option [异常类名：] Format [min=-1,max=2147483647,leftAlign=False]
log4net: Converter [logger] Option [] Format [min=-1,max=2147483647,leftAlign=False]
log4net: Converter [literal] Option [  ] Format [min=-1,max=2147483647,leftAlign=False]
log4net: Converter [n] Option [] Format [min=-1,max=2147483647,leftAlign=False]
log4net: Converter [literal] Option [异常来源：] Format [min=-1,max=2147483647,leftAlign=False]
log4net: Converter [message] Option [] Format [min=-1,max=2147483647,leftAlign=False]
log4net: Converter [literal] Option [ ] Format [min=-1,max=2147483647,leftAlign=False]
log4net: Converter [newline] Option [] Format [min=-1,max=2147483647,leftAlign=False]
log4net: Converter [newline] Option [] Format [min=-1,max=2147483647,leftAlign=False]
log4net: Setting Property [Layout] to object [log4net.Layout.PatternLayout]
log4net: Setting Property [LevelMin] to Level value [DEBUG]
log4net: Setting Property [LevelMax] to Level value [DEBUG]
log4net: Setting Collection Property [AddFilter] to object [log4net.Filter.LevelRangeFilter]
log4net: Type = [0], r0 = [1970-01-01.Debug.log], r1 = [1970-01-01.Debug.log]
log4net: Type = [1], r0 = [1970-01-01.Debug.log], r1 = [1970-01-01.Debug.log]
log4net: Type = [2], r0 = [1970-01-01.Debug.log], r1 = [1970-01-01.Debug.log]
log4net: Type = [3], r0 = [1970-01-01.Debug.log], r1 = [1970-01-02.Debug.log]
log4net: Searched for existing files in [E:\Source\Workspaces\YB_SHOP_1.2\BAnalytics\BAnalytics.MessageHandling.WindowsService\bin\Debug\Log\Debug]
log4net: Ignoring file [2016-05-26.debug.log] because it is from a different date period
log4net: curSizeRollBackups starts at [0]
log4net: Opening file for writing [E:\Source\Workspaces\YB_SHOP_1.2\BAnalytics\BAnalytics.MessageHandling.WindowsService\bin\Debug\Log\Debug\2016-05-26.Debug.log] append [True]
log4net: Created Appender [DebugRollingFileAppender]
log4net: Adding appender named [DebugRollingFileAppender] to logger [root].
log4net: Loading Appender [InfoRollingFileAppender] type: [log4net.Appender.RollingFileAppender]
log4net: Setting Property [LockingModel] to object [log4net.Appender.FileAppender+MinimalLock]
log4net: Setting Property [File] to String value [Log\Info\]
log4net: Setting Property [AppendToFile] to Boolean value [True]
log4net: Setting Property [RollingStyle] to RollingMode value [Composite]
log4net: Setting Property [DatePattern] to String value [yyyy-MM-dd.'Info.log']
log4net: Setting Property [StaticLogFileName] to Boolean value [False]
log4net: Setting Property [MaximumFileSize] to String value [1000KB]
log4net: Setting Property [MaxSizeRollBackups] to Int32 value [-1]
log4net: Converter [message] Option [] Format [min=-1,max=2147483647,leftAlign=False]
log4net: Converter [newline] Option [] Format [min=-1,max=2147483647,leftAlign=False]
log4net: Setting Property [ConversionPattern] to String value [记录时间：%date %n日志级别：%-5level %n异常类名：%logger  %n异常来源：%message %newline%newline]
log4net: Converter [literal] Option [记录时间：] Format [min=-1,max=2147483647,leftAlign=False]
log4net: Converter [date] Option [] Format [min=-1,max=2147483647,leftAlign=False]
log4net: Converter [literal] Option [ ] Format [min=-1,max=2147483647,leftAlign=False]
log4net: Converter [n] Option [] Format [min=-1,max=2147483647,leftAlign=False]
log4net: Converter [literal] Option [日志级别：] Format [min=-1,max=2147483647,leftAlign=False]
log4net: Converter [level] Option [] Format [min=5,max=2147483647,leftAlign=True]
log4net: Converter [literal] Option [ ] Format [min=-1,max=2147483647,leftAlign=False]
log4net: Converter [n] Option [] Format [min=-1,max=2147483647,leftAlign=False]
log4net: Converter [literal] Option [异常类名：] Format [min=-1,max=2147483647,leftAlign=False]
log4net: Converter [logger] Option [] Format [min=-1,max=2147483647,leftAlign=False]
log4net: Converter [literal] Option [  ] Format [min=-1,max=2147483647,leftAlign=False]
log4net: Converter [n] Option [] Format [min=-1,max=2147483647,leftAlign=False]
log4net: Converter [literal] Option [异常来源：] Format [min=-1,max=2147483647,leftAlign=False]
log4net: Converter [message] Option [] Format [min=-1,max=2147483647,leftAlign=False]
log4net: Converter [literal] Option [ ] Format [min=-1,max=2147483647,leftAlign=False]
log4net: Converter [newline] Option [] Format [min=-1,max=2147483647,leftAlign=False]
log4net: Converter [newline] Option [] Format [min=-1,max=2147483647,leftAlign=False]
log4net: Setting Property [Layout] to object [log4net.Layout.PatternLayout]
log4net: Setting Property [LevelMin] to Level value [INFO]
log4net: Setting Property [LevelMax] to Level value [INFO]
log4net: Setting Collection Property [AddFilter] to object [log4net.Filter.LevelRangeFilter]
log4net: Type = [0], r0 = [1970-01-01.Info.log], r1 = [1970-01-01.Info.log]
log4net: Type = [1], r0 = [1970-01-01.Info.log], r1 = [1970-01-01.Info.log]
log4net: Type = [2], r0 = [1970-01-01.Info.log], r1 = [1970-01-01.Info.log]
log4net: Type = [3], r0 = [1970-01-01.Info.log], r1 = [1970-01-02.Info.log]
log4net: Searched for existing files in [E:\Source\Workspaces\YB_SHOP_1.2\BAnalytics\BAnalytics.MessageHandling.WindowsService\bin\Debug\Log\Info]
log4net: Ignoring file [2016-05-26.info.log] because it is from a different date period
log4net: curSizeRollBackups starts at [0]
log4net: Opening file for writing [E:\Source\Workspaces\YB_SHOP_1.2\BAnalytics\BAnalytics.MessageHandling.WindowsService\bin\Debug\Log\Info\2016-05-26.Info.log] append [True]
log4net: Created Appender [InfoRollingFileAppender]
log4net: Adding appender named [InfoRollingFileAppender] to logger [root].
log4net: Hierarchy Threshold []
log4net:ERROR [FlumeAppender] ErrorCode: GenericFailure. Failed in DoAppend
System.Net.Sockets.SocketException (0x80004005): 由于目标计算机积极拒绝，无法连接。 43.247.89.18:9090
   在 System.Net.Sockets.TcpClient.Connect(String hostname, Int32 port)
   在 Thrift.Transport.TSocket.Open() 位置 d:\git\thrift\lib\csharp\src\Transport\TSocket.cs:行号 134
   在 Thrift.Transport.TFramedTransport.Open() 位置 d:\git\thrift\lib\csharp\src\Transport\TFramedTransport.cs:行号 53
   在 DotNetFlumeNG.Client.Thrift.ThriftClient..ctor(String host, Int32 port) 位置 e:\Source\Workspaces\YB_SHOP_1.2\BAnalytics\DotNetFlumeNG.Client.NLog\Thrift\ThriftClient.cs:行号 36
   在 DotNetFlumeNG.Client.FlumeClientFactory.CreateClient(ClientType clientType, String host, Int32 port) 位置 e:\Source\Workspaces\YB_SHOP_1.2\BAnalytics\DotNetFlumeNG.Client.NLog\FlumeClientFactoryThrift.cs:行号 48
   在 DotNetFlumeNG.Client.log4net.FlumeAppender.Append(LoggingEvent logEvent) 位置 e:\Source\Workspaces\YB_SHOP_1.2\BAnalytics\DotNetFlumeNG.Client.log4net\log4net\FlumeAppender.cs:行号 51
   在 log4net.Appender.AppenderSkeleton.DoAppend(LoggingEvent loggingEvent) 位置 e:\Source\Workspaces\YB_SHOP_1.2\BAnalytics\log4net-1.2.15\src\Appender\AppenderSkeleton.cs:行号 317
log4net: Shutdown called on Hierarchy [log4net-default-repository]
